<?xml version="1.0" encoding="UTF-8"?>
<!-- Generated by org.testng.reporters.JUnitReportReporter -->
<testsuite hostname="DESKTOP-JC58O94" failures="0" tests="1" name="testCases.CreateAccountTest" time="2.109" errors="0" timestamp="2025-02-09T23:15:45 IST" skipped="0">
  <testcase classname="testCases.CreateAccountTest" name="verify_create_account" time="2.109"/>
</testsuite> <!-- testCases.CreateAccountTest -->
