<?xml version="1.0" encoding="UTF-8"?>
<!-- Generated by org.testng.reporters.JUnitReportReporter -->
<testsuite hostname="DESKTOP-JC58O94" failures="0" tests="1" name="testCases.WishlistTest" time="0.880" errors="0" timestamp="2025-02-10T08:58:59 IST" skipped="0">
  <testcase classname="testCases.WishlistTest" name="testAddToWishlist" time="0.880"/>
</testsuite> <!-- testCases.WishlistTest -->
