<?xml version="1.0" encoding="UTF-8"?>
<!-- Generated by org.testng.reporters.JUnitReportReporter -->
<testsuite hostname="DESKTOP-JC58O94" failures="0" tests="1" name="testCases.CartTest" time="0.824" errors="0" timestamp="2025-02-10T08:58:59 IST" skipped="0">
  <testcase classname="testCases.CartTest" name="verify_cart_page" time="0.824"/>
</testsuite> <!-- testCases.CartTest -->
